Dell lap@Dell /d/docker-workshop/k8s-playground-master/xenial
λ minikube con-- help | grep config-configiconfig config
  config           Modify minikube config
  update-context   Verify the IP address of the running cluster in kubeconfig.
Dell lap@Dell /d/docker-workshop/k8s-playground-master/xenial
λ minikube -- help | grep -i configconfig --help
config modifies minikube config files using subcommands like "minikube config set vm-driver kvm"
Configurable fields: 

 * vm-driver
 * v
 * cpus
 * disk-size
 * host-only-cidr
 * memory
 * log_dir
 * kubernetes-version
 * iso-url
 * WantUpdateNotification
 * ReminderWaitPeriodInHours
 * WantReportError
 * WantReportErrorPrompt
 * WantKubectlDownloadMsg
 * WantNoneDriverWarning
 * profile
 * bootstrapper
 * dashboard
 * addon-manager
 * default-storageclass
 * coredns
 * kube-dns
 * heapster
 * efk
 * ingress
 * registry
 * registry-creds
 * freshpod
 * default-storageclass
 * hyperv-virtual-switch
 * disable-driver-mounts
 * cache

Usage:
  minikube config SUBCOMMAND [flags]
  minikube config [command]

Available Commands:
  get         Gets the value of PROPERTY_NAME from the minikube config file
  set         Sets an individual value in a minikube config file
  unset       unsets an individual value in a minikube config file
  view        Display values currently set in the minikube config file

Global Flags:
      --alsologtostderr                  log to standard error as well as files
  -b, --bootstrapper string              The name of the cluster bootstrapper that will set up the kubernetes cluster. (default "localkube")
      --log_backtrace_at traceLocation   when logging hits line file:N, emit a stack trace (default :0)
      --log_dir string                   If non-empty, write log files in this directory
      --logtostderr                      log to standard error instead of files
  -p, --profile string                   The name of the minikube VM being used.  
	This can be modified to allow for multiple minikube instances to be run independently (default "minikube")
      --stderrthreshold severity         logs at or above this threshold go to stderr (default 2)
  -v, --v Level                          log level for V logs
      --vmodule moduleSpec               comma-separated list of pattern=N settings for file-filtered logging

Use "minikube config [command] --help" for more information about a command.
Dell lap@Dell /d/docker-workshop/k8s-playground-master/xenial
λ minikube config --helpget apiserver.authorization-mode
Error: specified key could not be found in config
Dell lap@Dell /d/docker-workshop/k8s-playground-master/xenial
λ minikube config get apiserver.authorization-modeapiserver.Authorization.Mode
Error: specified key could not be found in config
Dell lap@Dell /d/docker-workshop/k8s-playground-master/xenial
λ minikube config get apiserver.Authorization.Mode-- help
Error: specified key could not be found in config
Dell lap@Dell /d/docker-workshop/k8s-playground-master/xenial
λ minikube config get -- helphelphelp-help
Returns the value of PROPERTY_NAME from the minikube config file.  Can be overwritten at runtime by flags or environmental variables.

Usage:
  minikube config get PROPERTY_NAME [flags]

Global Flags:
      --alsologtostderr                  log to standard error as well as files
  -b, --bootstrapper string              The name of the cluster bootstrapper that will set up the kubernetes cluster. (default "localkube")
      --log_backtrace_at traceLocation   when logging hits line file:N, emit a stack trace (default :0)
      --log_dir string                   If non-empty, write log files in this directory
      --logtostderr                      log to standard error instead of files
  -p, --profile string                   The name of the minikube VM being used.  
	This can be modified to allow for multiple minikube instances to be run independently (default "minikube")
      --stderrthreshold severity         logs at or above this threshold go to stderr (default 2)
  -v, --v Level                          log level for V logs
      --vmodule moduleSpec               comma-separated list of pattern=N settings for file-filtered logging
Dell lap@Dell /d/docker-workshop/k8s-playground-master/xenial
λ minikube config get --help--help
config modifies minikube config files using subcommands like "minikube config set vm-driver kvm"
Configurable fields: 

 * vm-driver
 * v
 * cpus
 * disk-size
 * host-only-cidr
 * memory
 * log_dir
 * kubernetes-version
 * iso-url
 * WantUpdateNotification
 * ReminderWaitPeriodInHours
 * WantReportError
 * WantReportErrorPrompt
 * WantKubectlDownloadMsg
 * WantNoneDriverWarning
 * profile
 * bootstrapper
 * dashboard
 * addon-manager
 * default-storageclass
 * coredns
 * kube-dns
 * heapster
 * efk
 * ingress
 * registry
 * registry-creds
 * freshpod
 * default-storageclass
 * hyperv-virtual-switch
 * disable-driver-mounts
 * cache

Usage:
  minikube config SUBCOMMAND [flags]
  minikube config [command]

Available Commands:
  get         Gets the value of PROPERTY_NAME from the minikube config file
  set         Sets an individual value in a minikube config file
  unset       unsets an individual value in a minikube config file
  view        Display values currently set in the minikube config file

Global Flags:
      --alsologtostderr                  log to standard error as well as files
  -b, --bootstrapper string              The name of the cluster bootstrapper that will set up the kubernetes cluster. (default "localkube")
      --log_backtrace_at traceLocation   when logging hits line file:N, emit a stack trace (default :0)
      --log_dir string                   If non-empty, write log files in this directory
      --logtostderr                      log to standard error instead of files
  -p, --profile string                   The name of the minikube VM being used.  
	This can be modified to allow for multiple minikube instances to be run independently (default "minikube")
      --stderrthreshold severity         logs at or above this threshold go to stderr (default 2)
  -v, --v Level                          log level for V logs
      --vmodule moduleSpec               comma-separated list of pattern=N settings for file-filtered logging

Use "minikube config [command] --help" for more information about a command.
Dell lap@Dell /d/docker-workshop/k8s-playground-master/xenial
λ minikube config --helpview
- default-storageclass: true
- WantReportError: true
Dell lap@Dell /d/docker-workshop/k8s-playground-master/xenial
λ minikube config view--help | grep extra
Dell lap@Dell /d/docker-workshop/k8s-playground-master/xenial
λ kubeckubeckubectl get persistemntvolume
NAME              CAPACITY   ACCESS MODES   RECLAIM POLICY   STATUS    CLAIM                    STORAGECLASS   REASON    AGE
mysql-pv-volume   1Gi        RWO            Retain           Bound     default/mysql-pv-claim   manual                   11m
Dell lap@Dell /d/docker-workshop/k8s-playground-master/xenial
λ kubectl get persistentvolumepv
NAME              CAPACITY   ACCESS MODES   RECLAIM POLICY   STATUS    CLAIM                    STORAGECLASS   REASON    AGE
mysql-pv-volume   1Gi        RWO            Retain           Bound     default/mysql-pv-claim   manual                   11m
Dell lap@Dell /d/docker-workshop/k8s-playground-master/xenial
λ kubectl describe kubectl lableel --help
Update the labels on a resource. 

  * A label key and value must begin with a letter or number, and may contain
letters, numbers, hyphens, dots, and underscores, up to  63 characters each.  
  * Optionally, the key can begin with a DNS subdomain prefix and a single '/',
like example.com/my-app  
  * If --overwrite is true, then existing labels can be overwritten, otherwise
attempting to overwrite a label will result in an error.  
  * If --resource-version is specified, then updates will use this resource
version, otherwise the existing resource-version will be used.

Examples:
  # Update pod 'foo' with the label 'unhealthy' and the value 'true'.
  kubectl label pods foo unhealthy=true
  
  # Update pod 'foo' with the label 'status' and the value 'unhealthy',
overwriting any existing value.
  kubectl label --overwrite pods foo status=unhealthy
  
  # Update all pods in the namespace
  kubectl label pods --all status=unhealthy
  
  # Update a pod identified by the type and name in "pod.json"
  kubectl label -f pod.json status=unhealthy
  
  # Update pod 'foo' only if the resource is unchanged from version 1.
  kubectl label pods foo status=unhealthy --resource-version=1
  
  # Update pod 'foo' by removing a label named 'bar' if it exists.
  # Does not require the --overwrite flag.
  kubectl label pods foo bar-

Options:
      --all=false: Select all resources, including uninitialized ones, in the
namespace of the specified resource types
      --allow-missing-template-keys=true: If true, ignore any errors in
templates when a field or map key is missing in the template. Only applies to
golang and jsonpath output formats.
      --dry-run=false: If true, only print the object that would be sent,
without sending it.
  -f, --filename=[]: Filename, directory, or URL to files identifying the
resource to update the labels
      --include-extended-apis=true: If true, include definitions of new APIs via
calls to the API server. [default true]
      --include-uninitialized=false: If true, the kubectl command applies to
uninitialized objects. If explicitly set to false, this flag overrides other
flags that make the kubectl commands apply to uninitialized objects, e.g.,
"--all". Objects with empty metadata.initializers are regarded as initialized.
      --list=false: If true, display the labels for a given resource.
      --local=false: If true, label will NOT contact api-server but run locally.
      --no-headers=false: When using the default or custom-column output format,
don't print headers (default print headers).
  -o, --output='': Output format. One of:
json|yaml|wide|name|custom-columns=...|custom-columns-file=...|go-template=...|go-template-file=...|jsonpath=...|jsonpath-file=...
See custom columns
[http://kubernetes.io/docs/user-guide/kubectl-overview/#custom-columns], golang
template [http://golang.org/pkg/text/template/#pkg-overview] and jsonpath
template [http://kubernetes.io/docs/user-guide/jsonpath].
      --overwrite=false: If true, allow labels to be overwritten, otherwise
reject label updates that overwrite existing labels.
      --record=false: Record current kubectl command in the resource annotation.
If set to false, do not record the command. If set to true, record the command.
If not set, default to updating the existing annotation value only if one
already exists.
  -R, --recursive=false: Process the directory used in -f, --filename
recursively. Useful when you want to manage related manifests organized within
the same directory.
      --resource-version='': If non-empty, the labels update will only succeed
if this is the current resource-version for the object. Only valid when
specifying a single resource.
  -l, --selector='': Selector (label query) to filter on, not including
uninitialized ones, supports '=', '==', and '!='.(e.g. -l
key1=value1,key2=value2).
  -a, --show-all=false: When printing, show all resources (default hide
terminated pods.)
      --show-labels=false: When printing, show all labels as the last column
(default hide labels column)
      --sort-by='': If non-empty, sort list types using this field
specification.  The field specification is expressed as a JSONPath expression
(e.g. '{.metadata.name}'). The field in the API resource specified by this
JSONPath expression must be an integer or a string.
      --template='': Template string or path to template file to use when
-o=go-template, -o=go-template-file. The template format is golang templates
[http://golang.org/pkg/text/template/#pkg-overview].

Usage:
  kubectl label [--overwrite] (-f FILENAME | TYPE NAME) KEY_1=VAL_1 ...
KEY_N=VAL_N [--resource-version=version] [options]

Use "kubectl options" for a list of global command-line options (applies to all
commands).
Dell lap@Dell /d/docker-workshop/k8s-playground-master/xenial
λ clear

Dell lap@Dell /d/docker-workshop/k8s-playground-master/xenial
λ kubeclt tl node ceratereate